.release/dev/AndroidApp/app/build/intermediates/manifest_merge_blame_file/debug/processDebugMainManifest/manifest-merger-blame-debug-report.txt
1<?xml version="1.0" encoding="utf-8"?>
2<manifest xmlns:android="http://schemas.android.com/apk/res/android"
3    package="com.peg4tron.meshcorium"
4    android:versionCode="1"
5    android:versionName="0.1.0" >
6
7    <uses-sdk
8        android:minSdkVersion="26"
9        android:targetSdkVersion="35" />
10
11    <uses-permission android:name="android.permission.INTERNET" />
11-->src/main/AndroidManifest.xml:4:5-67
11-->src/main/AndroidManifest.xml:4:22-64
12    <uses-permission android:name="android.permission.POST_NOTIFICATIONS" />
12-->src/main/AndroidManifest.xml:5:5-77
12-->src/main/AndroidManifest.xml:5:22-74
13    <uses-permission android:name="android.permission.ACCESS_NETWORK_STATE" />
13-->[com.google.firebase:firebase-messaging:24.1.0] AndroidManifest.xml:22:5-79
13-->[com.google.firebase:firebase-messaging:24.1.0] AndroidManifest.xml:22:22-76
14    <uses-permission android:name="android.permission.WAKE_LOCK" /> <!-- Required by older versions of Google Play services to create IID tokens -->
14-->[com.google.firebase:firebase-messaging:24.1.0] AndroidManifest.xml:24:5-68
14-->[com.google.firebase:firebase-messaging:24.1.0] AndroidManifest.xml:24:22-65
15    <uses-permission android:name="com.google.android.c2dm.permission.RECEIVE" />
15-->[com.google.firebase:firebase-messaging:24.1.0] AndroidManifest.xml:26:5-82
15-->[com.google.firebase:firebase-messaging:24.1.0] AndroidManifest.xml:26:22-79
16
17    <permission
17-->[androidx.core:core:1.15.0] AndroidManifest.xml:22:5-24:47
18        android:name="com.peg4tron.meshcorium.DYNAMIC_RECEIVER_NOT_EXPORTED_PERMISSION"
18-->[androidx.core:core:1.15.0] AndroidManifest.xml:23:9-81
19        android:protectionLevel="signature" />
19-->[androidx.core:core:1.15.0] AndroidManifest.xml:24:9-44
20
21    <uses-permission android:name="com.peg4tron.meshcorium.DYNAMIC_RECEIVER_NOT_EXPORTED_PERMISSION" />
21-->[androidx.core:core:1.15.0] AndroidManifest.xml:26:5-97
21-->[androidx.core:core:1.15.0] AndroidManifest.xml:26:22-94
22
23    <application
23-->src/main/AndroidManifest.xml:7:5-39:19
24        android:name="com.peg4tron.meshcorium.MeshcoriumApp"
24-->src/main/AndroidManifest.xml:8:9-38
25        android:allowBackup="true"
25-->src/main/AndroidManifest.xml:9:9-35
26        android:appComponentFactory="androidx.core.app.CoreComponentFactory"
26-->[androidx.core:core:1.15.0] AndroidManifest.xml:28:18-86
27        android:debuggable="true"
28        android:extractNativeLibs="false"
29        android:icon="@drawable/logo"
29-->src/main/AndroidManifest.xml:10:9-38
30        android:label="@string/app_name"
30-->src/main/AndroidManifest.xml:11:9-41
31        android:roundIcon="@drawable/logo"
31-->src/main/AndroidManifest.xml:12:9-43
32        android:supportsRtl="true"
32-->src/main/AndroidManifest.xml:13:9-35
33        android:theme="@style/Theme.Meshcorium"
33-->src/main/AndroidManifest.xml:14:9-48
34        android:usesCleartextTraffic="true" >
34-->src/main/AndroidManifest.xml:15:9-44
35        <activity
35-->src/main/AndroidManifest.xml:17:9-20:46
36            android:name="com.peg4tron.meshcorium.MainActivity"
36-->src/main/AndroidManifest.xml:18:13-41
37            android:exported="false"
37-->src/main/AndroidManifest.xml:19:13-37
38            android:launchMode="singleTop" />
38-->src/main/AndroidManifest.xml:20:13-43
39        <activity
39-->src/main/AndroidManifest.xml:22:9-30:20
40            android:name="com.peg4tron.meshcorium.UrlEntryActivity"
40-->src/main/AndroidManifest.xml:23:13-45
41            android:exported="true"
41-->src/main/AndroidManifest.xml:24:13-36
42            android:launchMode="singleTask" >
42-->src/main/AndroidManifest.xml:25:13-44
43            <intent-filter>
43-->src/main/AndroidManifest.xml:26:13-29:29
44                <action android:name="android.intent.action.MAIN" />
44-->src/main/AndroidManifest.xml:27:17-69
44-->src/main/AndroidManifest.xml:27:25-66
45
46                <category android:name="android.intent.category.LAUNCHER" />
46-->src/main/AndroidManifest.xml:28:17-77
46-->src/main/AndroidManifest.xml:28:27-74
47            </intent-filter>
48        </activity>
49
50        <service
50-->src/main/AndroidManifest.xml:32:9-38:19
51            android:name="com.peg4tron.meshcorium.MeshcoriumFirebaseMessagingService"
51-->src/main/AndroidManifest.xml:33:13-63
52            android:exported="false" >
52-->src/main/AndroidManifest.xml:34:13-37
53            <intent-filter>
53-->src/main/AndroidManifest.xml:35:13-37:29
54                <action android:name="com.google.firebase.MESSAGING_EVENT" />
54-->src/main/AndroidManifest.xml:36:17-78
54-->src/main/AndroidManifest.xml:36:25-75
55            </intent-filter>
56        </service>
57
58        <provider
58-->[androidx.emoji2:emoji2:1.3.0] AndroidManifest.xml:24:9-32:20
59            android:name="androidx.startup.InitializationProvider"
59-->[androidx.emoji2:emoji2:1.3.0] AndroidManifest.xml:25:13-67
60            android:authorities="com.peg4tron.meshcorium.androidx-startup"
60-->[androidx.emoji2:emoji2:1.3.0] AndroidManifest.xml:26:13-68
61            android:exported="false" >
61-->[androidx.emoji2:emoji2:1.3.0] AndroidManifest.xml:27:13-37
62            <meta-data
62-->[androidx.emoji2:emoji2:1.3.0] AndroidManifest.xml:29:13-31:52
63                android:name="androidx.emoji2.text.EmojiCompatInitializer"
63-->[androidx.emoji2:emoji2:1.3.0] AndroidManifest.xml:30:17-75
64                android:value="androidx.startup" />
64-->[androidx.emoji2:emoji2:1.3.0] AndroidManifest.xml:31:17-49
65            <meta-data
65-->[androidx.lifecycle:lifecycle-process:2.8.7] AndroidManifest.xml:29:13-31:52
66                android:name="androidx.lifecycle.ProcessLifecycleInitializer"
66-->[androidx.lifecycle:lifecycle-process:2.8.7] AndroidManifest.xml:30:17-78
67                android:value="androidx.startup" />
67-->[androidx.lifecycle:lifecycle-process:2.8.7] AndroidManifest.xml:31:17-49
68            <meta-data
68-->[androidx.profileinstaller:profileinstaller:1.3.1] AndroidManifest.xml:29:13-31:52
69                android:name="androidx.profileinstaller.ProfileInstallerInitializer"
69-->[androidx.profileinstaller:profileinstaller:1.3.1] AndroidManifest.xml:30:17-85
70                android:value="androidx.startup" />
70-->[androidx.profileinstaller:profileinstaller:1.3.1] AndroidManifest.xml:31:17-49
71        </provider>
72
73        <service
73-->[com.google.firebase:firebase-messaging-ktx:24.1.0] AndroidManifest.xml:23:9-29:19
74            android:name="com.google.firebase.components.ComponentDiscoveryService"
74-->[com.google.firebase:firebase-messaging-ktx:24.1.0] AndroidManifest.xml:24:13-84
75            android:directBootAware="true"
75-->[com.google.firebase:firebase-common:21.0.0] AndroidManifest.xml:32:13-43
76            android:exported="false" >
76-->[com.google.firebase:firebase-messaging-ktx:24.1.0] AndroidManifest.xml:25:13-37
77            <meta-data
77-->[com.google.firebase:firebase-messaging-ktx:24.1.0] AndroidManifest.xml:26:13-28:85
78                android:name="com.google.firebase.components:com.google.firebase.messaging.ktx.FirebaseMessagingLegacyRegistrar"
78-->[com.google.firebase:firebase-messaging-ktx:24.1.0] AndroidManifest.xml:27:17-129
79                android:value="com.google.firebase.components.ComponentRegistrar" />
79-->[com.google.firebase:firebase-messaging-ktx:24.1.0] AndroidManifest.xml:28:17-82
80            <meta-data
80-->[com.google.firebase:firebase-messaging:24.1.0] AndroidManifest.xml:57:13-59:85
81                android:name="com.google.firebase.components:com.google.firebase.messaging.FirebaseMessagingKtxRegistrar"
81-->[com.google.firebase:firebase-messaging:24.1.0] AndroidManifest.xml:58:17-122
82                android:value="com.google.firebase.components.ComponentRegistrar" />
82-->[com.google.firebase:firebase-messaging:24.1.0] AndroidManifest.xml:59:17-82
83            <meta-data
83-->[com.google.firebase:firebase-messaging:24.1.0] AndroidManifest.xml:60:13-62:85
84                android:name="com.google.firebase.components:com.google.firebase.messaging.FirebaseMessagingRegistrar"
84-->[com.google.firebase:firebase-messaging:24.1.0] AndroidManifest.xml:61:17-119
85                android:value="com.google.firebase.components.ComponentRegistrar" />
85-->[com.google.firebase:firebase-messaging:24.1.0] AndroidManifest.xml:62:17-82
86            <meta-data
86-->[com.google.firebase:firebase-installations:18.0.0] AndroidManifest.xml:15:13-17:85
87                android:name="com.google.firebase.components:com.google.firebase.installations.FirebaseInstallationsKtxRegistrar"
87-->[com.google.firebase:firebase-installations:18.0.0] AndroidManifest.xml:16:17-130
88                android:value="com.google.firebase.components.ComponentRegistrar" />
88-->[com.google.firebase:firebase-installations:18.0.0] AndroidManifest.xml:17:17-82
89            <meta-data
89-->[com.google.firebase:firebase-installations:18.0.0] AndroidManifest.xml:18:13-20:85
90                android:name="com.google.firebase.components:com.google.firebase.installations.FirebaseInstallationsRegistrar"
90-->[com.google.firebase:firebase-installations:18.0.0] AndroidManifest.xml:19:17-127
91                android:value="com.google.firebase.components.ComponentRegistrar" />
91-->[com.google.firebase:firebase-installations:18.0.0] AndroidManifest.xml:20:17-82
92            <meta-data
92-->[com.google.firebase:firebase-common-ktx:21.0.0] AndroidManifest.xml:12:13-14:85
93                android:name="com.google.firebase.components:com.google.firebase.ktx.FirebaseCommonLegacyRegistrar"
93-->[com.google.firebase:firebase-common-ktx:21.0.0] AndroidManifest.xml:13:17-116
94                android:value="com.google.firebase.components.ComponentRegistrar" />
94-->[com.google.firebase:firebase-common-ktx:21.0.0] AndroidManifest.xml:14:17-82
95            <meta-data
95-->[com.google.firebase:firebase-common:21.0.0] AndroidManifest.xml:35:13-37:85
96                android:name="com.google.firebase.components:com.google.firebase.FirebaseCommonKtxRegistrar"
96-->[com.google.firebase:firebase-common:21.0.0] AndroidManifest.xml:36:17-109
97                android:value="com.google.firebase.components.ComponentRegistrar" />
97-->[com.google.firebase:firebase-common:21.0.0] AndroidManifest.xml:37:17-82
98            <meta-data
98-->[com.google.firebase:firebase-datatransport:18.2.0] AndroidManifest.xml:25:13-27:85
99                android:name="com.google.firebase.components:com.google.firebase.datatransport.TransportRegistrar"
99-->[com.google.firebase:firebase-datatransport:18.2.0] AndroidManifest.xml:26:17-115
100                android:value="com.google.firebase.components.ComponentRegistrar" />
100-->[com.google.firebase:firebase-datatransport:18.2.0] AndroidManifest.xml:27:17-82
101        </service>
102
103        <receiver
103-->[com.google.firebase:firebase-messaging:24.1.0] AndroidManifest.xml:29:9-40:20
104            android:name="com.google.firebase.iid.FirebaseInstanceIdReceiver"
104-->[com.google.firebase:firebase-messaging:24.1.0] AndroidManifest.xml:30:13-78
105            android:exported="true"
105-->[com.google.firebase:firebase-messaging:24.1.0] AndroidManifest.xml:31:13-36
106            android:permission="com.google.android.c2dm.permission.SEND" >
106-->[com.google.firebase:firebase-messaging:24.1.0] AndroidManifest.xml:32:13-73
107            <intent-filter>
107-->[com.google.firebase:firebase-messaging:24.1.0] AndroidManifest.xml:33:13-35:29
108                <action android:name="com.google.android.c2dm.intent.RECEIVE" />
108-->[com.google.firebase:firebase-messaging:24.1.0] AndroidManifest.xml:34:17-81
108-->[com.google.firebase:firebase-messaging:24.1.0] AndroidManifest.xml:34:25-78
109            </intent-filter>
110
111            <meta-data
111-->[com.google.firebase:firebase-messaging:24.1.0] AndroidManifest.xml:37:13-39:40
112                android:name="com.google.android.gms.cloudmessaging.FINISHED_AFTER_HANDLED"
112-->[com.google.firebase:firebase-messaging:24.1.0] AndroidManifest.xml:38:17-92
113                android:value="true" />
113-->[com.google.firebase:firebase-messaging:24.1.0] AndroidManifest.xml:39:17-37
114        </receiver>
115        <!--
116             FirebaseMessagingService performs security checks at runtime,
117             but set to not exported to explicitly avoid allowing another app to call it.
118        -->
119        <service
119-->[com.google.firebase:firebase-messaging:24.1.0] AndroidManifest.xml:46:9-53:19
120            android:name="com.google.firebase.messaging.FirebaseMessagingService"
120-->[com.google.firebase:firebase-messaging:24.1.0] AndroidManifest.xml:47:13-82
121            android:directBootAware="true"
121-->[com.google.firebase:firebase-messaging:24.1.0] AndroidManifest.xml:48:13-43
122            android:exported="false" >
122-->[com.google.firebase:firebase-messaging:24.1.0] AndroidManifest.xml:49:13-37
123            <intent-filter android:priority="-500" >
123-->src/main/AndroidManifest.xml:35:13-37:29
124                <action android:name="com.google.firebase.MESSAGING_EVENT" />
124-->src/main/AndroidManifest.xml:36:17-78
124-->src/main/AndroidManifest.xml:36:25-75
125            </intent-filter>
126        </service>
127
128        <activity
128-->[com.google.android.gms:play-services-base:18.0.1] AndroidManifest.xml:20:9-22:45
129            android:name="com.google.android.gms.common.api.GoogleApiActivity"
129-->[com.google.android.gms:play-services-base:18.0.1] AndroidManifest.xml:20:19-85
130            android:exported="false"
130-->[com.google.android.gms:play-services-base:18.0.1] AndroidManifest.xml:22:19-43
131            android:theme="@android:style/Theme.Translucent.NoTitleBar" />
131-->[com.google.android.gms:play-services-base:18.0.1] AndroidManifest.xml:21:19-78
132
133        <provider
133-->[com.google.firebase:firebase-common:21.0.0] AndroidManifest.xml:23:9-28:39
134            android:name="com.google.firebase.provider.FirebaseInitProvider"
134-->[com.google.firebase:firebase-common:21.0.0] AndroidManifest.xml:24:13-77
135            android:authorities="com.peg4tron.meshcorium.firebaseinitprovider"
135-->[com.google.firebase:firebase-common:21.0.0] AndroidManifest.xml:25:13-72
136            android:directBootAware="true"
136-->[com.google.firebase:firebase-common:21.0.0] AndroidManifest.xml:26:13-43
137            android:exported="false"
137-->[com.google.firebase:firebase-common:21.0.0] AndroidManifest.xml:27:13-37
138            android:initOrder="100" />
138-->[com.google.firebase:firebase-common:21.0.0] AndroidManifest.xml:28:13-36
139
140        <meta-data
140-->[com.google.android.gms:play-services-basement:18.3.0] AndroidManifest.xml:21:9-23:69
141            android:name="com.google.android.gms.version"
141-->[com.google.android.gms:play-services-basement:18.3.0] AndroidManifest.xml:22:13-58
142            android:value="@integer/google_play_services_version" />
142-->[com.google.android.gms:play-services-basement:18.3.0] AndroidManifest.xml:23:13-66
143
144        <receiver
144-->[androidx.profileinstaller:profileinstaller:1.3.1] AndroidManifest.xml:34:9-52:20
145            android:name="androidx.profileinstaller.ProfileInstallReceiver"
145-->[androidx.profileinstaller:profileinstaller:1.3.1] AndroidManifest.xml:35:13-76
146            android:directBootAware="false"
146-->[androidx.profileinstaller:profileinstaller:1.3.1] AndroidManifest.xml:36:13-44
147            android:enabled="true"
147-->[androidx.profileinstaller:profileinstaller:1.3.1] AndroidManifest.xml:37:13-35
148            android:exported="true"
148-->[androidx.profileinstaller:profileinstaller:1.3.1] AndroidManifest.xml:38:13-36
149            android:permission="android.permission.DUMP" >
149-->[androidx.profileinstaller:profileinstaller:1.3.1] AndroidManifest.xml:39:13-57
150            <intent-filter>
150-->[androidx.profileinstaller:profileinstaller:1.3.1] AndroidManifest.xml:40:13-42:29
151                <action android:name="androidx.profileinstaller.action.INSTALL_PROFILE" />
151-->[androidx.profileinstaller:profileinstaller:1.3.1] AndroidManifest.xml:41:17-91
151-->[androidx.profileinstaller:profileinstaller:1.3.1] AndroidManifest.xml:41:25-88
152            </intent-filter>
153            <intent-filter>
153-->[androidx.profileinstaller:profileinstaller:1.3.1] AndroidManifest.xml:43:13-45:29
154                <action android:name="androidx.profileinstaller.action.SKIP_FILE" />
154-->[androidx.profileinstaller:profileinstaller:1.3.1] AndroidManifest.xml:44:17-85
154-->[androidx.profileinstaller:profileinstaller:1.3.1] AndroidManifest.xml:44:25-82
155            </intent-filter>
156            <intent-filter>
156-->[androidx.profileinstaller:profileinstaller:1.3.1] AndroidManifest.xml:46:13-48:29
157                <action android:name="androidx.profileinstaller.action.SAVE_PROFILE" />
157-->[androidx.profileinstaller:profileinstaller:1.3.1] AndroidManifest.xml:47:17-88
157-->[androidx.profileinstaller:profileinstaller:1.3.1] AndroidManifest.xml:47:25-85
158            </intent-filter>
159            <intent-filter>
159-->[androidx.profileinstaller:profileinstaller:1.3.1] AndroidManifest.xml:49:13-51:29
160                <action android:name="androidx.profileinstaller.action.BENCHMARK_OPERATION" />
160-->[androidx.profileinstaller:profileinstaller:1.3.1] AndroidManifest.xml:50:17-95
160-->[androidx.profileinstaller:profileinstaller:1.3.1] AndroidManifest.xml:50:25-92
161            </intent-filter>
162        </receiver>
163
164        <service
164-->[com.google.android.datatransport:transport-backend-cct:3.1.9] AndroidManifest.xml:28:9-34:19
165            android:name="com.google.android.datatransport.runtime.backends.TransportBackendDiscovery"
165-->[com.google.android.datatransport:transport-backend-cct:3.1.9] AndroidManifest.xml:29:13-103
166            android:exported="false" >
166-->[com.google.android.datatransport:transport-backend-cct:3.1.9] AndroidManifest.xml:30:13-37
167            <meta-data
167-->[com.google.android.datatransport:transport-backend-cct:3.1.9] AndroidManifest.xml:31:13-33:39
168                android:name="backend:com.google.android.datatransport.cct.CctBackendFactory"
168-->[com.google.android.datatransport:transport-backend-cct:3.1.9] AndroidManifest.xml:32:17-94
169                android:value="cct" />
169-->[com.google.android.datatransport:transport-backend-cct:3.1.9] AndroidManifest.xml:33:17-36
170        </service>
171        <service
171-->[com.google.android.datatransport:transport-runtime:3.1.9] AndroidManifest.xml:26:9-30:19
172            android:name="com.google.android.datatransport.runtime.scheduling.jobscheduling.JobInfoSchedulerService"
172-->[com.google.android.datatransport:transport-runtime:3.1.9] AndroidManifest.xml:27:13-117
173            android:exported="false"
173-->[com.google.android.datatransport:transport-runtime:3.1.9] AndroidManifest.xml:28:13-37
174            android:permission="android.permission.BIND_JOB_SERVICE" >
174-->[com.google.android.datatransport:transport-runtime:3.1.9] AndroidManifest.xml:29:13-69
175        </service>
176
177        <receiver
177-->[com.google.android.datatransport:transport-runtime:3.1.9] AndroidManifest.xml:32:9-34:40
178            android:name="com.google.android.datatransport.runtime.scheduling.jobscheduling.AlarmManagerSchedulerBroadcastReceiver"
178-->[com.google.android.datatransport:transport-runtime:3.1.9] AndroidManifest.xml:33:13-132
179            android:exported="false" />
179-->[com.google.android.datatransport:transport-runtime:3.1.9] AndroidManifest.xml:34:13-37
180    </application>
181
182</manifest>